GPUS = 1:
legate ../rydberg-simulation/demo_integration.py -cunumeric:preload-cudalibs --launcher jsrun -iters 25 -l 9 --fbmem 14000 --cpus 1 --sysmem 150000 -lg:eager_alloc_percentage 5 -lg:eager_alloc_percentage_override system_mem=50 --utility 2 --launcher-extra="--smpiargs='-disable_gpu_hooks'" --omps 1 --ompthreads 8 --nodes 1 --ranks-per-node 1 --gpus 1 --cpu-bind 0-83 --mem-bind 0 --gpu-bind 0,1,2 --nic-bind mlx5_0,mlx5_1 -frac 0.425
<jemalloc>: Unsupported system page size
Constructing input.
Beginning solve.
Total time: 13730.519ms.
Iterations / sec: 1.8207614730368167
GPUS = 1:
legate ../rydberg-simulation/demo_integration.py -cunumeric:preload-cudalibs --launcher jsrun -iters 25 -l 9 --fbmem 14000 --cpus 1 --sysmem 150000 -lg:eager_alloc_percentage 5 -lg:eager_alloc_percentage_override system_mem=50 --utility 2 --launcher-extra="--smpiargs='-disable_gpu_hooks'" --omps 1 --ompthreads 8 --nodes 1 --ranks-per-node 1 --gpus 1 --cpu-bind 0-83 --mem-bind 0 --gpu-bind 0,1,2 --nic-bind mlx5_0,mlx5_1 -frac 0.425
<jemalloc>: Unsupported system page size
Constructing input.
Beginning solve.
Total time: 13377.396ms.
Iterations / sec: 1.868824097006622
GPUS = 1:
legate ../rydberg-simulation/demo_integration.py -cunumeric:preload-cudalibs --launcher jsrun -iters 25 -l 9 --fbmem 14000 --cpus 1 --sysmem 150000 -lg:eager_alloc_percentage 5 -lg:eager_alloc_percentage_override system_mem=50 --utility 2 --launcher-extra="--smpiargs='-disable_gpu_hooks'" --omps 1 --ompthreads 8 --nodes 1 --ranks-per-node 1 --gpus 1 --cpu-bind 0-83 --mem-bind 0 --gpu-bind 0,1,2 --nic-bind mlx5_0,mlx5_1 -frac 0.425
<jemalloc>: Unsupported system page size
Constructing input.
Beginning solve.
Total time: 13783.463ms.
Iterations / sec: 1.8137677011938147
GPUS = 1:
legate ../rydberg-simulation/demo_integration.py -cunumeric:preload-cudalibs --launcher jsrun -iters 25 -l 9 --fbmem 14000 --cpus 1 --sysmem 150000 -lg:eager_alloc_percentage 5 -lg:eager_alloc_percentage_override system_mem=50 --utility 2 --launcher-extra="--smpiargs='-disable_gpu_hooks'" --omps 1 --ompthreads 8 --nodes 1 --ranks-per-node 1 --gpus 1 --cpu-bind 0-83 --mem-bind 0 --gpu-bind 0,1,2 --nic-bind mlx5_0,mlx5_1 -frac 0.425
<jemalloc>: Unsupported system page size
Constructing input.
Beginning solve.
Total time: 13459.183ms.
Iterations / sec: 1.857467871563972
GPUS = 1:
legate ../rydberg-simulation/demo_integration.py -cunumeric:preload-cudalibs --launcher jsrun -iters 25 -l 9 --fbmem 14000 --cpus 1 --sysmem 150000 -lg:eager_alloc_percentage 5 -lg:eager_alloc_percentage_override system_mem=50 --utility 2 --launcher-extra="--smpiargs='-disable_gpu_hooks'" --omps 1 --ompthreads 8 --nodes 1 --ranks-per-node 1 --gpus 1 --cpu-bind 0-83 --mem-bind 0 --gpu-bind 0,1,2 --nic-bind mlx5_0,mlx5_1 -frac 0.425
<jemalloc>: Unsupported system page size
Constructing input.
Beginning solve.
Total time: 13485.716ms.
Iterations / sec: 1.8538133236677978
GPUS = 1:
legate ../rydberg-simulation/demo_integration.py -cunumeric:preload-cudalibs --launcher jsrun -iters 25 -l 9 --fbmem 14000 --cpus 1 --sysmem 150000 -lg:eager_alloc_percentage 5 -lg:eager_alloc_percentage_override system_mem=50 --utility 2 --launcher-extra="--smpiargs='-disable_gpu_hooks'" --omps 1 --ompthreads 8 --nodes 1 --ranks-per-node 1 --gpus 1 --cpu-bind 0-83 --mem-bind 0 --gpu-bind 0,1,2 --nic-bind mlx5_0,mlx5_1 -frac 0.425
<jemalloc>: Unsupported system page size
Constructing input.
Beginning solve.
Total time: 13456.376ms.
Iterations / sec: 1.8578553393573425
GPUS = 1:
legate ../rydberg-simulation/demo_integration.py -cunumeric:preload-cudalibs --launcher jsrun -iters 25 -l 9 --fbmem 14000 --cpus 1 --sysmem 150000 -lg:eager_alloc_percentage 5 -lg:eager_alloc_percentage_override system_mem=50 --utility 2 --launcher-extra="--smpiargs='-disable_gpu_hooks'" --omps 1 --ompthreads 8 --nodes 1 --ranks-per-node 1 --gpus 1 --cpu-bind 0-83 --mem-bind 0 --gpu-bind 0,1,2 --nic-bind mlx5_0,mlx5_1 -frac 0.425
<jemalloc>: Unsupported system page size
Constructing input.
Beginning solve.
Total time: 13496.862ms.
Iterations / sec: 1.852282404606345
GPUS = 1:
legate ../rydberg-simulation/demo_integration.py -cunumeric:preload-cudalibs --launcher jsrun -iters 25 -l 9 --fbmem 14000 --cpus 1 --sysmem 150000 -lg:eager_alloc_percentage 5 -lg:eager_alloc_percentage_override system_mem=50 --utility 2 --launcher-extra="--smpiargs='-disable_gpu_hooks'" --omps 1 --ompthreads 8 --nodes 1 --ranks-per-node 1 --gpus 1 --cpu-bind 0-83 --mem-bind 0 --gpu-bind 0,1,2 --nic-bind mlx5_0,mlx5_1 -frac 0.425
<jemalloc>: Unsupported system page size
Constructing input.
Beginning solve.
Total time: 13431.863ms.
Iterations / sec: 1.8612459046075738
GPUS = 1:
legate ../rydberg-simulation/demo_integration.py -cunumeric:preload-cudalibs --launcher jsrun -iters 25 -l 9 --fbmem 14000 --cpus 1 --sysmem 150000 -lg:eager_alloc_percentage 5 -lg:eager_alloc_percentage_override system_mem=50 --utility 2 --launcher-extra="--smpiargs='-disable_gpu_hooks'" --omps 1 --ompthreads 8 --nodes 1 --ranks-per-node 1 --gpus 1 --cpu-bind 0-83 --mem-bind 0 --gpu-bind 0,1,2 --nic-bind mlx5_0,mlx5_1 -frac 0.425
<jemalloc>: Unsupported system page size
Constructing input.
Beginning solve.
Total time: 13467.638ms.
Iterations / sec: 1.8563017509083626
GPUS = 1:
legate ../rydberg-simulation/demo_integration.py -cunumeric:preload-cudalibs --launcher jsrun -iters 25 -l 9 --fbmem 14000 --cpus 1 --sysmem 150000 -lg:eager_alloc_percentage 5 -lg:eager_alloc_percentage_override system_mem=50 --utility 2 --launcher-extra="--smpiargs='-disable_gpu_hooks'" --omps 1 --ompthreads 8 --nodes 1 --ranks-per-node 1 --gpus 1 --cpu-bind 0-83 --mem-bind 0 --gpu-bind 0,1,2 --nic-bind mlx5_0,mlx5_1 -frac 0.425
<jemalloc>: Unsupported system page size
Constructing input.
Beginning solve.
Total time: 13449.022ms.
Iterations / sec: 1.8588712249857273
GPUS = 1:
legate ../rydberg-simulation/demo_integration.py -cunumeric:preload-cudalibs --launcher jsrun -iters 25 -l 9 --fbmem 14000 --cpus 1 --sysmem 150000 -lg:eager_alloc_percentage 5 -lg:eager_alloc_percentage_override system_mem=50 --utility 2 --launcher-extra="--smpiargs='-disable_gpu_hooks'" --omps 1 --ompthreads 8 --nodes 1 --ranks-per-node 1 --gpus 1 --cpu-bind 0-83 --mem-bind 0 --gpu-bind 0,1,2 --nic-bind mlx5_0,mlx5_1 -frac 0.425
<jemalloc>: Unsupported system page size
Constructing input.
Beginning solve.
Total time: 13433.41ms.
Iterations / sec: 1.8610315623508848
GPUS = 1:
legate ../rydberg-simulation/demo_integration.py -cunumeric:preload-cudalibs --launcher jsrun -iters 25 -l 9 --fbmem 14000 --cpus 1 --sysmem 150000 -lg:eager_alloc_percentage 5 -lg:eager_alloc_percentage_override system_mem=50 --utility 2 --launcher-extra="--smpiargs='-disable_gpu_hooks'" --omps 1 --ompthreads 8 --nodes 1 --ranks-per-node 1 --gpus 1 --cpu-bind 0-83 --mem-bind 0 --gpu-bind 0,1,2 --nic-bind mlx5_0,mlx5_1 -frac 0.425
<jemalloc>: Unsupported system page size
Constructing input.
Beginning solve.
Total time: 13475.137ms.
Iterations / sec: 1.8552687071010854
GPUS = 2:
legate ../rydberg-simulation/demo_integration.py -cunumeric:preload-cudalibs --launcher jsrun -iters 25 -l 9 --fbmem 14000 --cpus 1 --sysmem 150000 -lg:eager_alloc_percentage 5 -lg:eager_alloc_percentage_override system_mem=50 --utility 2 --launcher-extra="--smpiargs='-disable_gpu_hooks'" --omps 1 --ompthreads 8 --nodes 1 --ranks-per-node 1 --gpus 2 --cpu-bind 0-83 --mem-bind 0 --gpu-bind 0,1,2 --nic-bind mlx5_0,mlx5_1 -frac 0.45
<jemalloc>: Unsupported system page size
Constructing input.
Beginning solve.
Total time: 14417.933ms.
Iterations / sec: 1.7339517391293189
GPUS = 2:
legate ../rydberg-simulation/demo_integration.py -cunumeric:preload-cudalibs --launcher jsrun -iters 25 -l 9 --fbmem 14000 --cpus 1 --sysmem 150000 -lg:eager_alloc_percentage 5 -lg:eager_alloc_percentage_override system_mem=50 --utility 2 --launcher-extra="--smpiargs='-disable_gpu_hooks'" --omps 1 --ompthreads 8 --nodes 1 --ranks-per-node 1 --gpus 2 --cpu-bind 0-83 --mem-bind 0 --gpu-bind 0,1,2 --nic-bind mlx5_0,mlx5_1 -frac 0.45
<jemalloc>: Unsupported system page size
Constructing input.
Beginning solve.
Total time: 14499.379ms.
Iterations / sec: 1.7242117748629096
GPUS = 2:
legate ../rydberg-simulation/demo_integration.py -cunumeric:preload-cudalibs --launcher jsrun -iters 25 -l 9 --fbmem 14000 --cpus 1 --sysmem 150000 -lg:eager_alloc_percentage 5 -lg:eager_alloc_percentage_override system_mem=50 --utility 2 --launcher-extra="--smpiargs='-disable_gpu_hooks'" --omps 1 --ompthreads 8 --nodes 1 --ranks-per-node 1 --gpus 2 --cpu-bind 0-83 --mem-bind 0 --gpu-bind 0,1,2 --nic-bind mlx5_0,mlx5_1 -frac 0.45
<jemalloc>: Unsupported system page size
Constructing input.
Beginning solve.
Total time: 14431.884ms.
Iterations / sec: 1.7322755642991587
GPUS = 2:
legate ../rydberg-simulation/demo_integration.py -cunumeric:preload-cudalibs --launcher jsrun -iters 25 -l 9 --fbmem 14000 --cpus 1 --sysmem 150000 -lg:eager_alloc_percentage 5 -lg:eager_alloc_percentage_override system_mem=50 --utility 2 --launcher-extra="--smpiargs='-disable_gpu_hooks'" --omps 1 --ompthreads 8 --nodes 1 --ranks-per-node 1 --gpus 2 --cpu-bind 0-83 --mem-bind 0 --gpu-bind 0,1,2 --nic-bind mlx5_0,mlx5_1 -frac 0.45
<jemalloc>: Unsupported system page size
Constructing input.
Beginning solve.
Total time: 14481.079ms.
Iterations / sec: 1.7263906922957883
GPUS = 2:
legate ../rydberg-simulation/demo_integration.py -cunumeric:preload-cudalibs --launcher jsrun -iters 25 -l 9 --fbmem 14000 --cpus 1 --sysmem 150000 -lg:eager_alloc_percentage 5 -lg:eager_alloc_percentage_override system_mem=50 --utility 2 --launcher-extra="--smpiargs='-disable_gpu_hooks'" --omps 1 --ompthreads 8 --nodes 1 --ranks-per-node 1 --gpus 2 --cpu-bind 0-83 --mem-bind 0 --gpu-bind 0,1,2 --nic-bind mlx5_0,mlx5_1 -frac 0.45
<jemalloc>: Unsupported system page size
Constructing input.
Beginning solve.
Total time: 14417.128ms.
Iterations / sec: 1.7340485566889605
GPUS = 2:
legate ../rydberg-simulation/demo_integration.py -cunumeric:preload-cudalibs --launcher jsrun -iters 25 -l 9 --fbmem 14000 --cpus 1 --sysmem 150000 -lg:eager_alloc_percentage 5 -lg:eager_alloc_percentage_override system_mem=50 --utility 2 --launcher-extra="--smpiargs='-disable_gpu_hooks'" --omps 1 --ompthreads 8 --nodes 1 --ranks-per-node 1 --gpus 2 --cpu-bind 0-83 --mem-bind 0 --gpu-bind 0,1,2 --nic-bind mlx5_0,mlx5_1 -frac 0.45
<jemalloc>: Unsupported system page size
Constructing input.
Beginning solve.
Total time: 14285.368ms.
Iterations / sec: 1.7500424210282857
GPUS = 2:
legate ../rydberg-simulation/demo_integration.py -cunumeric:preload-cudalibs --launcher jsrun -iters 25 -l 9 --fbmem 14000 --cpus 1 --sysmem 150000 -lg:eager_alloc_percentage 5 -lg:eager_alloc_percentage_override system_mem=50 --utility 2 --launcher-extra="--smpiargs='-disable_gpu_hooks'" --omps 1 --ompthreads 8 --nodes 1 --ranks-per-node 1 --gpus 2 --cpu-bind 0-83 --mem-bind 0 --gpu-bind 0,1,2 --nic-bind mlx5_0,mlx5_1 -frac 0.45
<jemalloc>: Unsupported system page size
Constructing input.
Beginning solve.
Total time: 14311.42ms.
Iterations / sec: 1.746856706043146
GPUS = 2:
legate ../rydberg-simulation/demo_integration.py -cunumeric:preload-cudalibs --launcher jsrun -iters 25 -l 9 --fbmem 14000 --cpus 1 --sysmem 150000 -lg:eager_alloc_percentage 5 -lg:eager_alloc_percentage_override system_mem=50 --utility 2 --launcher-extra="--smpiargs='-disable_gpu_hooks'" --omps 1 --ompthreads 8 --nodes 1 --ranks-per-node 1 --gpus 2 --cpu-bind 0-83 --mem-bind 0 --gpu-bind 0,1,2 --nic-bind mlx5_0,mlx5_1 -frac 0.45
<jemalloc>: Unsupported system page size
Constructing input.
Beginning solve.
Total time: 14373.573ms.
Iterations / sec: 1.7393030946445953
GPUS = 2:
legate ../rydberg-simulation/demo_integration.py -cunumeric:preload-cudalibs --launcher jsrun -iters 25 -l 9 --fbmem 14000 --cpus 1 --sysmem 150000 -lg:eager_alloc_percentage 5 -lg:eager_alloc_percentage_override system_mem=50 --utility 2 --launcher-extra="--smpiargs='-disable_gpu_hooks'" --omps 1 --ompthreads 8 --nodes 1 --ranks-per-node 1 --gpus 2 --cpu-bind 0-83 --mem-bind 0 --gpu-bind 0,1,2 --nic-bind mlx5_0,mlx5_1 -frac 0.45
<jemalloc>: Unsupported system page size
Constructing input.
Beginning solve.
Total time: 14383.026ms.
Iterations / sec: 1.7381599671724157
GPUS = 2:
legate ../rydberg-simulation/demo_integration.py -cunumeric:preload-cudalibs --launcher jsrun -iters 25 -l 9 --fbmem 14000 --cpus 1 --sysmem 150000 -lg:eager_alloc_percentage 5 -lg:eager_alloc_percentage_override system_mem=50 --utility 2 --launcher-extra="--smpiargs='-disable_gpu_hooks'" --omps 1 --ompthreads 8 --nodes 1 --ranks-per-node 1 --gpus 2 --cpu-bind 0-83 --mem-bind 0 --gpu-bind 0,1,2 --nic-bind mlx5_0,mlx5_1 -frac 0.45
<jemalloc>: Unsupported system page size
Constructing input.
Beginning solve.
Total time: 14410.443ms.
Iterations / sec: 1.7348529812719846
GPUS = 2:
legate ../rydberg-simulation/demo_integration.py -cunumeric:preload-cudalibs --launcher jsrun -iters 25 -l 9 --fbmem 14000 --cpus 1 --sysmem 150000 -lg:eager_alloc_percentage 5 -lg:eager_alloc_percentage_override system_mem=50 --utility 2 --launcher-extra="--smpiargs='-disable_gpu_hooks'" --omps 1 --ompthreads 8 --nodes 1 --ranks-per-node 1 --gpus 2 --cpu-bind 0-83 --mem-bind 0 --gpu-bind 0,1,2 --nic-bind mlx5_0,mlx5_1 -frac 0.45
<jemalloc>: Unsupported system page size
Constructing input.
Beginning solve.
Total time: 14360.372ms.
Iterations / sec: 1.7409019766340315
GPUS = 2:
legate ../rydberg-simulation/demo_integration.py -cunumeric:preload-cudalibs --launcher jsrun -iters 25 -l 9 --fbmem 14000 --cpus 1 --sysmem 150000 -lg:eager_alloc_percentage 5 -lg:eager_alloc_percentage_override system_mem=50 --utility 2 --launcher-extra="--smpiargs='-disable_gpu_hooks'" --omps 1 --ompthreads 8 --nodes 1 --ranks-per-node 1 --gpus 2 --cpu-bind 0-83 --mem-bind 0 --gpu-bind 0,1,2 --nic-bind mlx5_0,mlx5_1 -frac 0.45
<jemalloc>: Unsupported system page size
Constructing input.
Beginning solve.
Total time: 14428.786ms.
Iterations / sec: 1.732647500628258
GPUS = 4:
legate ../rydberg-simulation/demo_integration.py -cunumeric:preload-cudalibs --launcher jsrun -iters 25 -l 9 --fbmem 14000 --cpus 1 --sysmem 150000 -lg:eager_alloc_percentage 5 -lg:eager_alloc_percentage_override system_mem=50 --utility 2 --launcher-extra="--smpiargs='-disable_gpu_hooks'" --omps 1 --ompthreads 8 --nodes 1 --ranks-per-node 2 --gpus 2 --cpu-bind 0-83/88-171 --mem-bind 0/8 --gpu-bind 0,1,2/3,4,5 --nic-bind mlx5_0,mlx5_1/mlx5_2,mlx5_3 -frac 0.50
Warning: PAMI CUDA HOOK disabled
Warning: PAMI CUDA HOOK disabled
<jemalloc>: Unsupported system page size
<jemalloc>: Unsupported system page size
Constructing input.
Beginning solve.
Total time: 14958.788ms.
Iterations / sec: 1.6712583933939034
GPUS = 4:
legate ../rydberg-simulation/demo_integration.py -cunumeric:preload-cudalibs --launcher jsrun -iters 25 -l 9 --fbmem 14000 --cpus 1 --sysmem 150000 -lg:eager_alloc_percentage 5 -lg:eager_alloc_percentage_override system_mem=50 --utility 2 --launcher-extra="--smpiargs='-disable_gpu_hooks'" --omps 1 --ompthreads 8 --nodes 1 --ranks-per-node 2 --gpus 2 --cpu-bind 0-83/88-171 --mem-bind 0/8 --gpu-bind 0,1,2/3,4,5 --nic-bind mlx5_0,mlx5_1/mlx5_2,mlx5_3 -frac 0.50
Warning: PAMI CUDA HOOK disabled
Warning: PAMI CUDA HOOK disabled
<jemalloc>: Unsupported system page size
<jemalloc>: Unsupported system page size
Constructing input.
Beginning solve.
Total time: 14928.311ms.
Iterations / sec: 1.6746703629097761
GPUS = 4:
legate ../rydberg-simulation/demo_integration.py -cunumeric:preload-cudalibs --launcher jsrun -iters 25 -l 9 --fbmem 14000 --cpus 1 --sysmem 150000 -lg:eager_alloc_percentage 5 -lg:eager_alloc_percentage_override system_mem=50 --utility 2 --launcher-extra="--smpiargs='-disable_gpu_hooks'" --omps 1 --ompthreads 8 --nodes 1 --ranks-per-node 2 --gpus 2 --cpu-bind 0-83/88-171 --mem-bind 0/8 --gpu-bind 0,1,2/3,4,5 --nic-bind mlx5_0,mlx5_1/mlx5_2,mlx5_3 -frac 0.50
Warning: PAMI CUDA HOOK disabled
Warning: PAMI CUDA HOOK disabled
<jemalloc>: Unsupported system page size
<jemalloc>: Unsupported system page size
Constructing input.
Beginning solve.
Total time: 14932.243ms.
Iterations / sec: 1.6742293840248916
GPUS = 4:
legate ../rydberg-simulation/demo_integration.py -cunumeric:preload-cudalibs --launcher jsrun -iters 25 -l 9 --fbmem 14000 --cpus 1 --sysmem 150000 -lg:eager_alloc_percentage 5 -lg:eager_alloc_percentage_override system_mem=50 --utility 2 --launcher-extra="--smpiargs='-disable_gpu_hooks'" --omps 1 --ompthreads 8 --nodes 1 --ranks-per-node 2 --gpus 2 --cpu-bind 0-83/88-171 --mem-bind 0/8 --gpu-bind 0,1,2/3,4,5 --nic-bind mlx5_0,mlx5_1/mlx5_2,mlx5_3 -frac 0.50
Warning: PAMI CUDA HOOK disabled
Warning: PAMI CUDA HOOK disabled
<jemalloc>: Unsupported system page size
<jemalloc>: Unsupported system page size
Constructing input.
Beginning solve.
Total time: 15014.396ms.
Iterations / sec: 1.6650686447859773
GPUS = 4:
legate ../rydberg-simulation/demo_integration.py -cunumeric:preload-cudalibs --launcher jsrun -iters 25 -l 9 --fbmem 14000 --cpus 1 --sysmem 150000 -lg:eager_alloc_percentage 5 -lg:eager_alloc_percentage_override system_mem=50 --utility 2 --launcher-extra="--smpiargs='-disable_gpu_hooks'" --omps 1 --ompthreads 8 --nodes 1 --ranks-per-node 2 --gpus 2 --cpu-bind 0-83/88-171 --mem-bind 0/8 --gpu-bind 0,1,2/3,4,5 --nic-bind mlx5_0,mlx5_1/mlx5_2,mlx5_3 -frac 0.50
Warning: PAMI CUDA HOOK disabled
Warning: PAMI CUDA HOOK disabled
<jemalloc>: Unsupported system page size
<jemalloc>: Unsupported system page size
Constructing input.
Beginning solve.
Total time: 14980.949ms.
Iterations / sec: 1.668786136312192
GPUS = 4:
legate ../rydberg-simulation/demo_integration.py -cunumeric:preload-cudalibs --launcher jsrun -iters 25 -l 9 --fbmem 14000 --cpus 1 --sysmem 150000 -lg:eager_alloc_percentage 5 -lg:eager_alloc_percentage_override system_mem=50 --utility 2 --launcher-extra="--smpiargs='-disable_gpu_hooks'" --omps 1 --ompthreads 8 --nodes 1 --ranks-per-node 2 --gpus 2 --cpu-bind 0-83/88-171 --mem-bind 0/8 --gpu-bind 0,1,2/3,4,5 --nic-bind mlx5_0,mlx5_1/mlx5_2,mlx5_3 -frac 0.50
Warning: PAMI CUDA HOOK disabled
Warning: PAMI CUDA HOOK disabled
<jemalloc>: Unsupported system page size
<jemalloc>: Unsupported system page size
Constructing input.
Beginning solve.
Total time: 14909.703ms.
Iterations / sec: 1.6767604290977494
GPUS = 4:
legate ../rydberg-simulation/demo_integration.py -cunumeric:preload-cudalibs --launcher jsrun -iters 25 -l 9 --fbmem 14000 --cpus 1 --sysmem 150000 -lg:eager_alloc_percentage 5 -lg:eager_alloc_percentage_override system_mem=50 --utility 2 --launcher-extra="--smpiargs='-disable_gpu_hooks'" --omps 1 --ompthreads 8 --nodes 1 --ranks-per-node 2 --gpus 2 --cpu-bind 0-83/88-171 --mem-bind 0/8 --gpu-bind 0,1,2/3,4,5 --nic-bind mlx5_0,mlx5_1/mlx5_2,mlx5_3 -frac 0.50
Warning: PAMI CUDA HOOK disabled
Warning: PAMI CUDA HOOK disabled
<jemalloc>: Unsupported system page size
<jemalloc>: Unsupported system page size
Constructing input.
Beginning solve.
Total time: 14943.662ms.
Iterations / sec: 1.672950043971819
GPUS = 4:
legate ../rydberg-simulation/demo_integration.py -cunumeric:preload-cudalibs --launcher jsrun -iters 25 -l 9 --fbmem 14000 --cpus 1 --sysmem 150000 -lg:eager_alloc_percentage 5 -lg:eager_alloc_percentage_override system_mem=50 --utility 2 --launcher-extra="--smpiargs='-disable_gpu_hooks'" --omps 1 --ompthreads 8 --nodes 1 --ranks-per-node 2 --gpus 2 --cpu-bind 0-83/88-171 --mem-bind 0/8 --gpu-bind 0,1,2/3,4,5 --nic-bind mlx5_0,mlx5_1/mlx5_2,mlx5_3 -frac 0.50
Warning: PAMI CUDA HOOK disabled
Warning: PAMI CUDA HOOK disabled
<jemalloc>: Unsupported system page size
<jemalloc>: Unsupported system page size
Constructing input.
Beginning solve.
Total time: 14926.015ms.
Iterations / sec: 1.6749279697226622
GPUS = 4:
legate ../rydberg-simulation/demo_integration.py -cunumeric:preload-cudalibs --launcher jsrun -iters 25 -l 9 --fbmem 14000 --cpus 1 --sysmem 150000 -lg:eager_alloc_percentage 5 -lg:eager_alloc_percentage_override system_mem=50 --utility 2 --launcher-extra="--smpiargs='-disable_gpu_hooks'" --omps 1 --ompthreads 8 --nodes 1 --ranks-per-node 2 --gpus 2 --cpu-bind 0-83/88-171 --mem-bind 0/8 --gpu-bind 0,1,2/3,4,5 --nic-bind mlx5_0,mlx5_1/mlx5_2,mlx5_3 -frac 0.50
Warning: PAMI CUDA HOOK disabled
Warning: PAMI CUDA HOOK disabled
<jemalloc>: Unsupported system page size
<jemalloc>: Unsupported system page size
Constructing input.
Beginning solve.
Total time: 14985.618ms.
Iterations / sec: 1.6682662002995137
GPUS = 4:
legate ../rydberg-simulation/demo_integration.py -cunumeric:preload-cudalibs --launcher jsrun -iters 25 -l 9 --fbmem 14000 --cpus 1 --sysmem 150000 -lg:eager_alloc_percentage 5 -lg:eager_alloc_percentage_override system_mem=50 --utility 2 --launcher-extra="--smpiargs='-disable_gpu_hooks'" --omps 1 --ompthreads 8 --nodes 1 --ranks-per-node 2 --gpus 2 --cpu-bind 0-83/88-171 --mem-bind 0/8 --gpu-bind 0,1,2/3,4,5 --nic-bind mlx5_0,mlx5_1/mlx5_2,mlx5_3 -frac 0.50
Warning: PAMI CUDA HOOK disabled
Warning: PAMI CUDA HOOK disabled
<jemalloc>: Unsupported system page size
<jemalloc>: Unsupported system page size
Constructing input.
Beginning solve.
Total time: 14959.38ms.
Iterations / sec: 1.6711922552940028
GPUS = 4:
legate ../rydberg-simulation/demo_integration.py -cunumeric:preload-cudalibs --launcher jsrun -iters 25 -l 9 --fbmem 14000 --cpus 1 --sysmem 150000 -lg:eager_alloc_percentage 5 -lg:eager_alloc_percentage_override system_mem=50 --utility 2 --launcher-extra="--smpiargs='-disable_gpu_hooks'" --omps 1 --ompthreads 8 --nodes 1 --ranks-per-node 2 --gpus 2 --cpu-bind 0-83/88-171 --mem-bind 0/8 --gpu-bind 0,1,2/3,4,5 --nic-bind mlx5_0,mlx5_1/mlx5_2,mlx5_3 -frac 0.50
Warning: PAMI CUDA HOOK disabled
Warning: PAMI CUDA HOOK disabled
<jemalloc>: Unsupported system page size
<jemalloc>: Unsupported system page size
Constructing input.
Beginning solve.
Total time: 14935.234ms.
Iterations / sec: 1.6738940949971053
GPUS = 4:
legate ../rydberg-simulation/demo_integration.py -cunumeric:preload-cudalibs --launcher jsrun -iters 25 -l 9 --fbmem 14000 --cpus 1 --sysmem 150000 -lg:eager_alloc_percentage 5 -lg:eager_alloc_percentage_override system_mem=50 --utility 2 --launcher-extra="--smpiargs='-disable_gpu_hooks'" --omps 1 --ompthreads 8 --nodes 1 --ranks-per-node 2 --gpus 2 --cpu-bind 0-83/88-171 --mem-bind 0/8 --gpu-bind 0,1,2/3,4,5 --nic-bind mlx5_0,mlx5_1/mlx5_2,mlx5_3 -frac 0.50
Warning: PAMI CUDA HOOK disabled
Warning: PAMI CUDA HOOK disabled
<jemalloc>: Unsupported system page size
<jemalloc>: Unsupported system page size
Constructing input.
Beginning solve.
Total time: 14910.645ms.
Iterations / sec: 1.6766544975083237
GPUS = 8:
legate ../rydberg-simulation//demo_integration.py -cunumeric:preload-cudalibs --launcher jsrun -iters 25 -l 9 --fbmem 14000 --cpus 1 --sysmem 150000 -lg:eager_alloc_percentage 5 -lg:eager_alloc_percentage_override system_mem=50 --utility 2 --launcher-extra="--smpiargs='-disable_gpu_hooks'" --omps 1 --ompthreads 8 --nodes 2 --ranks-per-node 2 --gpus 2 --cpu-bind 0-83/88-171 --mem-bind 0/8 --gpu-bind 0,1,2/3,4,5 --nic-bind mlx5_0,mlx5_1/mlx5_2,mlx5_3 -frac 0.53
Warning: PAMI CUDA HOOK disabled
Warning: PAMI CUDA HOOK disabled
Warning: PAMI CUDA HOOK disabled
Warning: PAMI CUDA HOOK disabled
<jemalloc>: Unsupported system page size
<jemalloc>: Unsupported system page size
<jemalloc>: Unsupported system page size
<jemalloc>: Unsupported system page size
Constructing input.
Beginning solve.
Total time: 32417.052ms.
Iterations / sec: 0.7711990590631129
GPUS = 8:
legate ../rydberg-simulation//demo_integration.py -cunumeric:preload-cudalibs --launcher jsrun -iters 25 -l 9 --fbmem 14000 --cpus 1 --sysmem 150000 -lg:eager_alloc_percentage 5 -lg:eager_alloc_percentage_override system_mem=50 --utility 2 --launcher-extra="--smpiargs='-disable_gpu_hooks'" --omps 1 --ompthreads 8 --nodes 2 --ranks-per-node 2 --gpus 2 --cpu-bind 0-83/88-171 --mem-bind 0/8 --gpu-bind 0,1,2/3,4,5 --nic-bind mlx5_0,mlx5_1/mlx5_2,mlx5_3 -frac 0.53
Warning: PAMI CUDA HOOK disabled
Warning: PAMI CUDA HOOK disabled
Warning: PAMI CUDA HOOK disabled
Warning: PAMI CUDA HOOK disabled
<jemalloc>: Unsupported system page size
<jemalloc>: Unsupported system page size
<jemalloc>: Unsupported system page size
<jemalloc>: Unsupported system page size
Constructing input.
Beginning solve.
Total time: 33688.49ms.
Iterations / sec: 0.7420932193755198
GPUS = 8:
legate ../rydberg-simulation//demo_integration.py -cunumeric:preload-cudalibs --launcher jsrun -iters 25 -l 9 --fbmem 14000 --cpus 1 --sysmem 150000 -lg:eager_alloc_percentage 5 -lg:eager_alloc_percentage_override system_mem=50 --utility 2 --launcher-extra="--smpiargs='-disable_gpu_hooks'" --omps 1 --ompthreads 8 --nodes 2 --ranks-per-node 2 --gpus 2 --cpu-bind 0-83/88-171 --mem-bind 0/8 --gpu-bind 0,1,2/3,4,5 --nic-bind mlx5_0,mlx5_1/mlx5_2,mlx5_3 -frac 0.53
Warning: PAMI CUDA HOOK disabled
Warning: PAMI CUDA HOOK disabled
Warning: PAMI CUDA HOOK disabled
Warning: PAMI CUDA HOOK disabled
<jemalloc>: Unsupported system page size
<jemalloc>: Unsupported system page size
<jemalloc>: Unsupported system page size
<jemalloc>: Unsupported system page size
Constructing input.
Beginning solve.
Total time: 38664.4ms.
Iterations / sec: 0.6465896276678288
GPUS = 8:
legate ../rydberg-simulation//demo_integration.py -cunumeric:preload-cudalibs --launcher jsrun -iters 25 -l 9 --fbmem 14000 --cpus 1 --sysmem 150000 -lg:eager_alloc_percentage 5 -lg:eager_alloc_percentage_override system_mem=50 --utility 2 --launcher-extra="--smpiargs='-disable_gpu_hooks'" --omps 1 --ompthreads 8 --nodes 2 --ranks-per-node 2 --gpus 2 --cpu-bind 0-83/88-171 --mem-bind 0/8 --gpu-bind 0,1,2/3,4,5 --nic-bind mlx5_0,mlx5_1/mlx5_2,mlx5_3 -frac 0.53
Warning: PAMI CUDA HOOK disabled
Warning: PAMI CUDA HOOK disabled
Warning: PAMI CUDA HOOK disabled
Warning: PAMI CUDA HOOK disabled
<jemalloc>: Unsupported system page size
<jemalloc>: Unsupported system page size
<jemalloc>: Unsupported system page size
<jemalloc>: Unsupported system page size
Constructing input.
Beginning solve.
Total time: 30483.989ms.
Iterations / sec: 0.8201026447030931
GPUS = 8:
legate ../rydberg-simulation//demo_integration.py -cunumeric:preload-cudalibs --launcher jsrun -iters 25 -l 9 --fbmem 14000 --cpus 1 --sysmem 150000 -lg:eager_alloc_percentage 5 -lg:eager_alloc_percentage_override system_mem=50 --utility 2 --launcher-extra="--smpiargs='-disable_gpu_hooks'" --omps 1 --ompthreads 8 --nodes 2 --ranks-per-node 2 --gpus 2 --cpu-bind 0-83/88-171 --mem-bind 0/8 --gpu-bind 0,1,2/3,4,5 --nic-bind mlx5_0,mlx5_1/mlx5_2,mlx5_3 -frac 0.53
Warning: PAMI CUDA HOOK disabled
Warning: PAMI CUDA HOOK disabled
Warning: PAMI CUDA HOOK disabled
Warning: PAMI CUDA HOOK disabled
<jemalloc>: Unsupported system page size
<jemalloc>: Unsupported system page size
<jemalloc>: Unsupported system page size
<jemalloc>: Unsupported system page size
Constructing input.
Beginning solve.
Total time: 34851.058ms.
Iterations / sec: 0.7173383373325425
GPUS = 8:
legate ../rydberg-simulation//demo_integration.py -cunumeric:preload-cudalibs --launcher jsrun -iters 25 -l 9 --fbmem 14000 --cpus 1 --sysmem 150000 -lg:eager_alloc_percentage 5 -lg:eager_alloc_percentage_override system_mem=50 --utility 2 --launcher-extra="--smpiargs='-disable_gpu_hooks'" --omps 1 --ompthreads 8 --nodes 2 --ranks-per-node 2 --gpus 2 --cpu-bind 0-83/88-171 --mem-bind 0/8 --gpu-bind 0,1,2/3,4,5 --nic-bind mlx5_0,mlx5_1/mlx5_2,mlx5_3 -frac 0.53
Warning: PAMI CUDA HOOK disabled
Warning: PAMI CUDA HOOK disabled
Warning: PAMI CUDA HOOK disabled
Warning: PAMI CUDA HOOK disabled
<jemalloc>: Unsupported system page size
<jemalloc>: Unsupported system page size
<jemalloc>: Unsupported system page size
<jemalloc>: Unsupported system page size
Constructing input.
Beginning solve.
Total time: 36290.003ms.
Iterations / sec: 0.6888949554509544
GPUS = 8:
legate ../rydberg-simulation//demo_integration.py -cunumeric:preload-cudalibs --launcher jsrun -iters 25 -l 9 --fbmem 14000 --cpus 1 --sysmem 150000 -lg:eager_alloc_percentage 5 -lg:eager_alloc_percentage_override system_mem=50 --utility 2 --launcher-extra="--smpiargs='-disable_gpu_hooks'" --omps 1 --ompthreads 8 --nodes 2 --ranks-per-node 2 --gpus 2 --cpu-bind 0-83/88-171 --mem-bind 0/8 --gpu-bind 0,1,2/3,4,5 --nic-bind mlx5_0,mlx5_1/mlx5_2,mlx5_3 -frac 0.53
Warning: PAMI CUDA HOOK disabled
Warning: PAMI CUDA HOOK disabled
Warning: PAMI CUDA HOOK disabled
Warning: PAMI CUDA HOOK disabled
<jemalloc>: Unsupported system page size
<jemalloc>: Unsupported system page size
<jemalloc>: Unsupported system page size
<jemalloc>: Unsupported system page size
Constructing input.
Beginning solve.
Total time: 38630.295ms.
Iterations / sec: 0.6471604734056523
GPUS = 8:
legate ../rydberg-simulation//demo_integration.py -cunumeric:preload-cudalibs --launcher jsrun -iters 25 -l 9 --fbmem 14000 --cpus 1 --sysmem 150000 -lg:eager_alloc_percentage 5 -lg:eager_alloc_percentage_override system_mem=50 --utility 2 --launcher-extra="--smpiargs='-disable_gpu_hooks'" --omps 1 --ompthreads 8 --nodes 2 --ranks-per-node 2 --gpus 2 --cpu-bind 0-83/88-171 --mem-bind 0/8 --gpu-bind 0,1,2/3,4,5 --nic-bind mlx5_0,mlx5_1/mlx5_2,mlx5_3 -frac 0.53
Warning: PAMI CUDA HOOK disabled
Warning: PAMI CUDA HOOK disabled
Warning: PAMI CUDA HOOK disabled
Warning: PAMI CUDA HOOK disabled
<jemalloc>: Unsupported system page size
<jemalloc>: Unsupported system page size
<jemalloc>: Unsupported system page size
<jemalloc>: Unsupported system page size
Constructing input.
Beginning solve.
Total time: 36223.672ms.
Iterations / sec: 0.6901564258863652
GPUS = 8:
legate ../rydberg-simulation//demo_integration.py -cunumeric:preload-cudalibs --launcher jsrun -iters 25 -l 9 --fbmem 14000 --cpus 1 --sysmem 150000 -lg:eager_alloc_percentage 5 -lg:eager_alloc_percentage_override system_mem=50 --utility 2 --launcher-extra="--smpiargs='-disable_gpu_hooks'" --omps 1 --ompthreads 8 --nodes 2 --ranks-per-node 2 --gpus 2 --cpu-bind 0-83/88-171 --mem-bind 0/8 --gpu-bind 0,1,2/3,4,5 --nic-bind mlx5_0,mlx5_1/mlx5_2,mlx5_3 -frac 0.53
Warning: PAMI CUDA HOOK disabled
Warning: PAMI CUDA HOOK disabled
Warning: PAMI CUDA HOOK disabled
Warning: PAMI CUDA HOOK disabled
<jemalloc>: Unsupported system page size
<jemalloc>: Unsupported system page size
<jemalloc>: Unsupported system page size
<jemalloc>: Unsupported system page size
Constructing input.
Beginning solve.
Total time: 38024.134ms.
Iterations / sec: 0.6574771696312663
GPUS = 8:
legate ../rydberg-simulation//demo_integration.py -cunumeric:preload-cudalibs --launcher jsrun -iters 25 -l 9 --fbmem 14000 --cpus 1 --sysmem 150000 -lg:eager_alloc_percentage 5 -lg:eager_alloc_percentage_override system_mem=50 --utility 2 --launcher-extra="--smpiargs='-disable_gpu_hooks'" --omps 1 --ompthreads 8 --nodes 2 --ranks-per-node 2 --gpus 2 --cpu-bind 0-83/88-171 --mem-bind 0/8 --gpu-bind 0,1,2/3,4,5 --nic-bind mlx5_0,mlx5_1/mlx5_2,mlx5_3 -frac 0.53
Warning: PAMI CUDA HOOK disabled
Warning: PAMI CUDA HOOK disabled
Warning: PAMI CUDA HOOK disabled
Warning: PAMI CUDA HOOK disabled
<jemalloc>: Unsupported system page size
<jemalloc>: Unsupported system page size
<jemalloc>: Unsupported system page size
<jemalloc>: Unsupported system page size
Constructing input.
Beginning solve.
Total time: 32560.189ms.
Iterations / sec: 0.7678088109377988
GPUS = 8:
legate ../rydberg-simulation//demo_integration.py -cunumeric:preload-cudalibs --launcher jsrun -iters 25 -l 9 --fbmem 14000 --cpus 1 --sysmem 150000 -lg:eager_alloc_percentage 5 -lg:eager_alloc_percentage_override system_mem=50 --utility 2 --launcher-extra="--smpiargs='-disable_gpu_hooks'" --omps 1 --ompthreads 8 --nodes 2 --ranks-per-node 2 --gpus 2 --cpu-bind 0-83/88-171 --mem-bind 0/8 --gpu-bind 0,1,2/3,4,5 --nic-bind mlx5_0,mlx5_1/mlx5_2,mlx5_3 -frac 0.53
Warning: PAMI CUDA HOOK disabled
Warning: PAMI CUDA HOOK disabled
Warning: PAMI CUDA HOOK disabled
Warning: PAMI CUDA HOOK disabled
<jemalloc>: Unsupported system page size
<jemalloc>: Unsupported system page size
<jemalloc>: Unsupported system page size
<jemalloc>: Unsupported system page size
Constructing input.
Beginning solve.
Total time: 34524.773ms.
Iterations / sec: 0.7241177226567137
GPUS = 8:
legate ../rydberg-simulation//demo_integration.py -cunumeric:preload-cudalibs --launcher jsrun -iters 25 -l 9 --fbmem 14000 --cpus 1 --sysmem 150000 -lg:eager_alloc_percentage 5 -lg:eager_alloc_percentage_override system_mem=50 --utility 2 --launcher-extra="--smpiargs='-disable_gpu_hooks'" --omps 1 --ompthreads 8 --nodes 2 --ranks-per-node 2 --gpus 2 --cpu-bind 0-83/88-171 --mem-bind 0/8 --gpu-bind 0,1,2/3,4,5 --nic-bind mlx5_0,mlx5_1/mlx5_2,mlx5_3 -frac 0.53
Warning: PAMI CUDA HOOK disabled
Warning: PAMI CUDA HOOK disabled
Warning: PAMI CUDA HOOK disabled
Warning: PAMI CUDA HOOK disabled
<jemalloc>: Unsupported system page size
<jemalloc>: Unsupported system page size
<jemalloc>: Unsupported system page size
<jemalloc>: Unsupported system page size
Constructing input.
Beginning solve.
Total time: 35520.469ms.
Iterations / sec: 0.7038195357161529
GPUS = 16:
legate ../rydberg-simulation//demo_integration.py -cunumeric:preload-cudalibs --launcher jsrun -iters 25 -l 9 --fbmem 14000 --cpus 1 --sysmem 150000 -lg:eager_alloc_percentage 5 -lg:eager_alloc_percentage_override system_mem=50 --utility 2 --launcher-extra="--smpiargs='-disable_gpu_hooks'" --omps 1 --ompthreads 8 --nodes 4 --ranks-per-node 2 --gpus 2 --cpu-bind 0-83/88-171 --mem-bind 0/8 --gpu-bind 0,1,2/3,4,5 --nic-bind mlx5_0,mlx5_1/mlx5_2,mlx5_3 -frac 0.55
Warning: PAMI CUDA HOOK disabled
Warning: PAMI CUDA HOOK disabled
Warning: PAMI CUDA HOOK disabled
Warning: PAMI CUDA HOOK disabled
Warning: PAMI CUDA HOOK disabled
Warning: PAMI CUDA HOOK disabled
Warning: PAMI CUDA HOOK disabled
Warning: PAMI CUDA HOOK disabled
<jemalloc>: Unsupported system page size
<jemalloc>: Unsupported system page size
<jemalloc>: Unsupported system page size
<jemalloc>: Unsupported system page size
<jemalloc>: Unsupported system page size
<jemalloc>: Unsupported system page size
<jemalloc>: Unsupported system page size
<jemalloc>: Unsupported system page size
Constructing input.
Beginning solve.
Total time: 113196.03ms.
Iterations / sec: 0.2208558020983598
GPUS = 16:
legate ../rydberg-simulation//demo_integration.py -cunumeric:preload-cudalibs --launcher jsrun -iters 25 -l 9 --fbmem 14000 --cpus 1 --sysmem 150000 -lg:eager_alloc_percentage 5 -lg:eager_alloc_percentage_override system_mem=50 --utility 2 --launcher-extra="--smpiargs='-disable_gpu_hooks'" --omps 1 --ompthreads 8 --nodes 4 --ranks-per-node 2 --gpus 2 --cpu-bind 0-83/88-171 --mem-bind 0/8 --gpu-bind 0,1,2/3,4,5 --nic-bind mlx5_0,mlx5_1/mlx5_2,mlx5_3 -frac 0.55
Warning: PAMI CUDA HOOK disabled
Warning: PAMI CUDA HOOK disabled
Warning: PAMI CUDA HOOK disabled
Warning: PAMI CUDA HOOK disabled
Warning: PAMI CUDA HOOK disabled
Warning: PAMI CUDA HOOK disabled
Warning: PAMI CUDA HOOK disabled
Warning: PAMI CUDA HOOK disabled
<jemalloc>: Unsupported system page size
<jemalloc>: Unsupported system page size
<jemalloc>: Unsupported system page size
<jemalloc>: Unsupported system page size
<jemalloc>: Unsupported system page size
<jemalloc>: Unsupported system page size
<jemalloc>: Unsupported system page size
<jemalloc>: Unsupported system page size
Constructing input.
Beginning solve.
Total time: 108869.102ms.
Iterations / sec: 0.2296335649025561
GPUS = 16:
legate ../rydberg-simulation//demo_integration.py -cunumeric:preload-cudalibs --launcher jsrun -iters 25 -l 9 --fbmem 14000 --cpus 1 --sysmem 150000 -lg:eager_alloc_percentage 5 -lg:eager_alloc_percentage_override system_mem=50 --utility 2 --launcher-extra="--smpiargs='-disable_gpu_hooks'" --omps 1 --ompthreads 8 --nodes 4 --ranks-per-node 2 --gpus 2 --cpu-bind 0-83/88-171 --mem-bind 0/8 --gpu-bind 0,1,2/3,4,5 --nic-bind mlx5_0,mlx5_1/mlx5_2,mlx5_3 -frac 0.55
Warning: PAMI CUDA HOOK disabled
Warning: PAMI CUDA HOOK disabled
Warning: PAMI CUDA HOOK disabled
Warning: PAMI CUDA HOOK disabled
Warning: PAMI CUDA HOOK disabled
Warning: PAMI CUDA HOOK disabled
Warning: PAMI CUDA HOOK disabled
Warning: PAMI CUDA HOOK disabled
<jemalloc>: Unsupported system page size
<jemalloc>: Unsupported system page size
<jemalloc>: Unsupported system page size
<jemalloc>: Unsupported system page size
<jemalloc>: Unsupported system page size
<jemalloc>: Unsupported system page size
<jemalloc>: Unsupported system page size
<jemalloc>: Unsupported system page size
Constructing input.
Beginning solve.
Total time: 106909.042ms.
Iterations / sec: 0.23384364439445637
GPUS = 16:
legate ../rydberg-simulation//demo_integration.py -cunumeric:preload-cudalibs --launcher jsrun -iters 25 -l 9 --fbmem 14000 --cpus 1 --sysmem 150000 -lg:eager_alloc_percentage 5 -lg:eager_alloc_percentage_override system_mem=50 --utility 2 --launcher-extra="--smpiargs='-disable_gpu_hooks'" --omps 1 --ompthreads 8 --nodes 4 --ranks-per-node 2 --gpus 2 --cpu-bind 0-83/88-171 --mem-bind 0/8 --gpu-bind 0,1,2/3,4,5 --nic-bind mlx5_0,mlx5_1/mlx5_2,mlx5_3 -frac 0.55
Warning: PAMI CUDA HOOK disabled
Warning: PAMI CUDA HOOK disabled
Warning: PAMI CUDA HOOK disabled
Warning: PAMI CUDA HOOK disabled
Warning: PAMI CUDA HOOK disabled
Warning: PAMI CUDA HOOK disabled
Warning: PAMI CUDA HOOK disabled
Warning: PAMI CUDA HOOK disabled
<jemalloc>: Unsupported system page size
<jemalloc>: Unsupported system page size
<jemalloc>: Unsupported system page size
<jemalloc>: Unsupported system page size
<jemalloc>: Unsupported system page size
<jemalloc>: Unsupported system page size
<jemalloc>: Unsupported system page size
<jemalloc>: Unsupported system page size
Constructing input.
Beginning solve.
Total time: 80648.842ms.
Iterations / sec: 0.30998585199772616
GPUS = 16:
legate ../rydberg-simulation//demo_integration.py -cunumeric:preload-cudalibs --launcher jsrun -iters 25 -l 9 --fbmem 14000 --cpus 1 --sysmem 150000 -lg:eager_alloc_percentage 5 -lg:eager_alloc_percentage_override system_mem=50 --utility 2 --launcher-extra="--smpiargs='-disable_gpu_hooks'" --omps 1 --ompthreads 8 --nodes 4 --ranks-per-node 2 --gpus 2 --cpu-bind 0-83/88-171 --mem-bind 0/8 --gpu-bind 0,1,2/3,4,5 --nic-bind mlx5_0,mlx5_1/mlx5_2,mlx5_3 -frac 0.55
Warning: PAMI CUDA HOOK disabled
Warning: PAMI CUDA HOOK disabled
Warning: PAMI CUDA HOOK disabled
Warning: PAMI CUDA HOOK disabled
Warning: PAMI CUDA HOOK disabled
Warning: PAMI CUDA HOOK disabled
Warning: PAMI CUDA HOOK disabled
Warning: PAMI CUDA HOOK disabled
<jemalloc>: Unsupported system page size
<jemalloc>: Unsupported system page size
<jemalloc>: Unsupported system page size
<jemalloc>: Unsupported system page size
<jemalloc>: Unsupported system page size
<jemalloc>: Unsupported system page size
<jemalloc>: Unsupported system page size
<jemalloc>: Unsupported system page size
legion_python: /autofs/nccs-svm1_home1/rohany/nvidia/legate.core/legion/runtime/realm/event_impl.cc:2701: static void Realm::BarrierSubscribeMessage::handle_message(Realm::NodeID, const Realm::BarrierSubscribeMessage&, const void*, size_t): Assertion `it->second > impl->generation.load()' failed.
Signal 6 received by node 6, process 159116 (thread 2000468af890) - obtaining backtrace
Signal 6 received by process 159116 (thread 2000468af890) at: stack trace: 12 frames
  [0] = linux-vdso64.so.1(__kernel_sigtramp_rt64+0) [0x2000000504d8]
  [1] = /lib64/power9/libc.so.6(gsignal+0xd8) [0x200004b73618]
  [2] = /lib64/power9/libc.so.6(abort+0x164) [0x200004b53a2c]
  [3] = /lib64/power9/libc.so.6(+0x36f70) [0x200004b66f70]
  [4] = /lib64/power9/libc.so.6(__assert_fail+0x64) [0x200004b67014]
  [5] = /autofs/nccs-svm1_home1/rohany/nvidia/legate.core/_skbuild/linux-ppc64le-3.8/cmake-build/_deps/legion-build/lib/librealm.so.1(+0x55cd28) [0x200001dfcd28]
  [6] = /autofs/nccs-svm1_home1/rohany/nvidia/legate.core/_skbuild/linux-ppc64le-3.8/cmake-build/_deps/legion-build/lib/librealm.so.1(Realm::IncomingMessageManager::do_work(Realm::TimeLimit)+0x558) [0x200001f96ab8]
  [7] = /autofs/nccs-svm1_home1/rohany/nvidia/legate.core/_skbuild/linux-ppc64le-3.8/cmake-build/_deps/legion-build/lib/librealm.so.1(+0x53f360) [0x200001ddf360]
  [8] = /autofs/nccs-svm1_home1/rohany/nvidia/legate.core/_skbuild/linux-ppc64le-3.8/cmake-build/_deps/legion-build/lib/librealm.so.1(+0x53fc10) [0x200001ddfc10]
  [9] = /autofs/nccs-svm1_home1/rohany/nvidia/legate.core/_skbuild/linux-ppc64le-3.8/cmake-build/_deps/legion-build/lib/librealm.so.1(+0x677400) [0x200001f17400]
  [10] = /lib64/power9/libpthread.so.0(+0x8ae0) [0x200004518ae0]
  [11] = /lib64/power9/libc.so.6(clone+0x74) [0x200004c5e7c8]
GPUS = 16:
legate ../rydberg-simulation//demo_integration.py -cunumeric:preload-cudalibs --launcher jsrun -iters 25 -l 9 --fbmem 14000 --cpus 1 --sysmem 150000 -lg:eager_alloc_percentage 5 -lg:eager_alloc_percentage_override system_mem=50 --utility 2 --launcher-extra="--smpiargs='-disable_gpu_hooks'" --omps 1 --ompthreads 8 --nodes 4 --ranks-per-node 2 --gpus 2 --cpu-bind 0-83/88-171 --mem-bind 0/8 --gpu-bind 0,1,2/3,4,5 --nic-bind mlx5_0,mlx5_1/mlx5_2,mlx5_3 -frac 0.55
Warning: PAMI CUDA HOOK disabled
Warning: PAMI CUDA HOOK disabled
Warning: PAMI CUDA HOOK disabled
Warning: PAMI CUDA HOOK disabled
Warning: PAMI CUDA HOOK disabled
Warning: PAMI CUDA HOOK disabled
Warning: PAMI CUDA HOOK disabled
Warning: PAMI CUDA HOOK disabled
<jemalloc>: Unsupported system page size
<jemalloc>: Unsupported system page size
<jemalloc>: Unsupported system page size
<jemalloc>: Unsupported system page size
<jemalloc>: Unsupported system page size
<jemalloc>: Unsupported system page size
<jemalloc>: Unsupported system page size
<jemalloc>: Unsupported system page size
Constructing input.
Beginning solve.
Total time: 114688.019ms.
Iterations / sec: 0.21798266478035513
GPUS = 16:
legate ../rydberg-simulation//demo_integration.py -cunumeric:preload-cudalibs --launcher jsrun -iters 25 -l 9 --fbmem 14000 --cpus 1 --sysmem 150000 -lg:eager_alloc_percentage 5 -lg:eager_alloc_percentage_override system_mem=50 --utility 2 --launcher-extra="--smpiargs='-disable_gpu_hooks'" --omps 1 --ompthreads 8 --nodes 4 --ranks-per-node 2 --gpus 2 --cpu-bind 0-83/88-171 --mem-bind 0/8 --gpu-bind 0,1,2/3,4,5 --nic-bind mlx5_0,mlx5_1/mlx5_2,mlx5_3 -frac 0.55
Warning: PAMI CUDA HOOK disabled
Warning: PAMI CUDA HOOK disabled
Warning: PAMI CUDA HOOK disabled
Warning: PAMI CUDA HOOK disabled
Warning: PAMI CUDA HOOK disabled
Warning: PAMI CUDA HOOK disabled
Warning: PAMI CUDA HOOK disabled
Warning: PAMI CUDA HOOK disabled
<jemalloc>: Unsupported system page size
<jemalloc>: Unsupported system page size
<jemalloc>: Unsupported system page size
<jemalloc>: Unsupported system page size
<jemalloc>: Unsupported system page size
<jemalloc>: Unsupported system page size
<jemalloc>: Unsupported system page size
<jemalloc>: Unsupported system page size
Constructing input.
Beginning solve.
Total time: 103926.402ms.
Iterations / sec: 0.24055484957518303
GPUS = 16:
legate ../rydberg-simulation//demo_integration.py -cunumeric:preload-cudalibs --launcher jsrun -iters 25 -l 9 --fbmem 14000 --cpus 1 --sysmem 150000 -lg:eager_alloc_percentage 5 -lg:eager_alloc_percentage_override system_mem=50 --utility 2 --launcher-extra="--smpiargs='-disable_gpu_hooks'" --omps 1 --ompthreads 8 --nodes 4 --ranks-per-node 2 --gpus 2 --cpu-bind 0-83/88-171 --mem-bind 0/8 --gpu-bind 0,1,2/3,4,5 --nic-bind mlx5_0,mlx5_1/mlx5_2,mlx5_3 -frac 0.55
Warning: PAMI CUDA HOOK disabled
Warning: PAMI CUDA HOOK disabled
Warning: PAMI CUDA HOOK disabled
Warning: PAMI CUDA HOOK disabled
Warning: PAMI CUDA HOOK disabled
Warning: PAMI CUDA HOOK disabled
Warning: PAMI CUDA HOOK disabled
Warning: PAMI CUDA HOOK disabled
<jemalloc>: Unsupported system page size
<jemalloc>: Unsupported system page size
<jemalloc>: Unsupported system page size
<jemalloc>: Unsupported system page size
<jemalloc>: Unsupported system page size
<jemalloc>: Unsupported system page size
<jemalloc>: Unsupported system page size
<jemalloc>: Unsupported system page size
Constructing input.
Beginning solve.
Total time: 110805.945ms.
Iterations / sec: 0.2256196632770922
GPUS = 16:
legate ../rydberg-simulation//demo_integration.py -cunumeric:preload-cudalibs --launcher jsrun -iters 25 -l 9 --fbmem 14000 --cpus 1 --sysmem 150000 -lg:eager_alloc_percentage 5 -lg:eager_alloc_percentage_override system_mem=50 --utility 2 --launcher-extra="--smpiargs='-disable_gpu_hooks'" --omps 1 --ompthreads 8 --nodes 4 --ranks-per-node 2 --gpus 2 --cpu-bind 0-83/88-171 --mem-bind 0/8 --gpu-bind 0,1,2/3,4,5 --nic-bind mlx5_0,mlx5_1/mlx5_2,mlx5_3 -frac 0.55
Warning: PAMI CUDA HOOK disabled
Warning: PAMI CUDA HOOK disabled
Warning: PAMI CUDA HOOK disabled
Warning: PAMI CUDA HOOK disabled
Warning: PAMI CUDA HOOK disabled
Warning: PAMI CUDA HOOK disabled
Warning: PAMI CUDA HOOK disabled
Warning: PAMI CUDA HOOK disabled
<jemalloc>: Unsupported system page size
<jemalloc>: Unsupported system page size
<jemalloc>: Unsupported system page size
<jemalloc>: Unsupported system page size
<jemalloc>: Unsupported system page size
<jemalloc>: Unsupported system page size
<jemalloc>: Unsupported system page size
<jemalloc>: Unsupported system page size
Constructing input.
Beginning solve.
Total time: 101572.305ms.
Iterations / sec: 0.24613008437683875
GPUS = 16:
legate ../rydberg-simulation//demo_integration.py -cunumeric:preload-cudalibs --launcher jsrun -iters 25 -l 9 --fbmem 14000 --cpus 1 --sysmem 150000 -lg:eager_alloc_percentage 5 -lg:eager_alloc_percentage_override system_mem=50 --utility 2 --launcher-extra="--smpiargs='-disable_gpu_hooks'" --omps 1 --ompthreads 8 --nodes 4 --ranks-per-node 2 --gpus 2 --cpu-bind 0-83/88-171 --mem-bind 0/8 --gpu-bind 0,1,2/3,4,5 --nic-bind mlx5_0,mlx5_1/mlx5_2,mlx5_3 -frac 0.55
Warning: PAMI CUDA HOOK disabled
Warning: PAMI CUDA HOOK disabled
Warning: PAMI CUDA HOOK disabled
Warning: PAMI CUDA HOOK disabled
Warning: PAMI CUDA HOOK disabled
Warning: PAMI CUDA HOOK disabled
Warning: PAMI CUDA HOOK disabled
Warning: PAMI CUDA HOOK disabled
<jemalloc>: Unsupported system page size
<jemalloc>: Unsupported system page size
<jemalloc>: Unsupported system page size
<jemalloc>: Unsupported system page size
<jemalloc>: Unsupported system page size
<jemalloc>: Unsupported system page size
<jemalloc>: Unsupported system page size
<jemalloc>: Unsupported system page size
Constructing input.
Beginning solve.
Total time: 94137.642ms.
Iterations / sec: 0.2655685809508591
GPUS = 16:
legate ../rydberg-simulation//demo_integration.py -cunumeric:preload-cudalibs --launcher jsrun -iters 25 -l 9 --fbmem 14000 --cpus 1 --sysmem 150000 -lg:eager_alloc_percentage 5 -lg:eager_alloc_percentage_override system_mem=50 --utility 2 --launcher-extra="--smpiargs='-disable_gpu_hooks'" --omps 1 --ompthreads 8 --nodes 4 --ranks-per-node 2 --gpus 2 --cpu-bind 0-83/88-171 --mem-bind 0/8 --gpu-bind 0,1,2/3,4,5 --nic-bind mlx5_0,mlx5_1/mlx5_2,mlx5_3 -frac 0.55
Warning: PAMI CUDA HOOK disabled
Warning: PAMI CUDA HOOK disabled
Warning: PAMI CUDA HOOK disabled
Warning: PAMI CUDA HOOK disabled
Warning: PAMI CUDA HOOK disabled
Warning: PAMI CUDA HOOK disabled
Warning: PAMI CUDA HOOK disabled
Warning: PAMI CUDA HOOK disabled
<jemalloc>: Unsupported system page size
<jemalloc>: Unsupported system page size
<jemalloc>: Unsupported system page size
<jemalloc>: Unsupported system page size
<jemalloc>: Unsupported system page size
<jemalloc>: Unsupported system page size
<jemalloc>: Unsupported system page size
<jemalloc>: Unsupported system page size
Constructing input.
Beginning solve.
Total time: 116667.475ms.
Iterations / sec: 0.21428422960212345
GPUS = 16:
legate ../rydberg-simulation//demo_integration.py -cunumeric:preload-cudalibs --launcher jsrun -iters 25 -l 9 --fbmem 14000 --cpus 1 --sysmem 150000 -lg:eager_alloc_percentage 5 -lg:eager_alloc_percentage_override system_mem=50 --utility 2 --launcher-extra="--smpiargs='-disable_gpu_hooks'" --omps 1 --ompthreads 8 --nodes 4 --ranks-per-node 2 --gpus 2 --cpu-bind 0-83/88-171 --mem-bind 0/8 --gpu-bind 0,1,2/3,4,5 --nic-bind mlx5_0,mlx5_1/mlx5_2,mlx5_3 -frac 0.55
Warning: PAMI CUDA HOOK disabled
Warning: PAMI CUDA HOOK disabled
Warning: PAMI CUDA HOOK disabled
Warning: PAMI CUDA HOOK disabled
Warning: PAMI CUDA HOOK disabled
Warning: PAMI CUDA HOOK disabled
Warning: PAMI CUDA HOOK disabled
Warning: PAMI CUDA HOOK disabled
<jemalloc>: Unsupported system page size
<jemalloc>: Unsupported system page size
<jemalloc>: Unsupported system page size
<jemalloc>: Unsupported system page size
<jemalloc>: Unsupported system page size
<jemalloc>: Unsupported system page size
<jemalloc>: Unsupported system page size
<jemalloc>: Unsupported system page size
Constructing input.
Beginning solve.
Total time: 125616.085ms.
Iterations / sec: 0.1990190985493617
GPUS = 32:
legate ../rydberg-simulation//demo_integration.py -cunumeric:preload-cudalibs --launcher jsrun -iters 25 -l 9 --fbmem 14000 --cpus 1 --sysmem 150000 -lg:eager_alloc_percentage 5 -lg:eager_alloc_percentage_override system_mem=50 --utility 2 --launcher-extra="--smpiargs='-disable_gpu_hooks'" --omps 1 --ompthreads 8 --nodes 8 --ranks-per-node 2 --gpus 2 --cpu-bind 0-83/88-171 --mem-bind 0/8 --gpu-bind 0,1,2/3,4,5 --nic-bind mlx5_0,mlx5_1/mlx5_2,mlx5_3 -frac 0.56
Warning: PAMI CUDA HOOK disabled
Warning: PAMI CUDA HOOK disabled
Warning: PAMI CUDA HOOK disabled
Warning: PAMI CUDA HOOK disabled
Warning: PAMI CUDA HOOK disabled
Warning: PAMI CUDA HOOK disabled
Warning: PAMI CUDA HOOK disabled
Warning: PAMI CUDA HOOK disabled
Warning: PAMI CUDA HOOK disabled
Warning: PAMI CUDA HOOK disabled
Warning: PAMI CUDA HOOK disabled
Warning: PAMI CUDA HOOK disabled
Warning: PAMI CUDA HOOK disabled
Warning: PAMI CUDA HOOK disabled
Warning: PAMI CUDA HOOK disabled
Warning: PAMI CUDA HOOK disabled
<jemalloc>: Unsupported system page size
<jemalloc>: Unsupported system page size
<jemalloc>: Unsupported system page size
<jemalloc>: Unsupported system page size
<jemalloc>: Unsupported system page size
<jemalloc>: Unsupported system page size
<jemalloc>: Unsupported system page size
<jemalloc>: Unsupported system page size
<jemalloc>: Unsupported system page size
<jemalloc>: Unsupported system page size
<jemalloc>: Unsupported system page size
<jemalloc>: Unsupported system page size
<jemalloc>: Unsupported system page size
<jemalloc>: Unsupported system page size
<jemalloc>: Unsupported system page size
<jemalloc>: Unsupported system page size
Constructing input.
Beginning solve.
Total time: 339093.758ms.
Iterations / sec: 0.07372592213861985
GPUS = 32:
legate ../rydberg-simulation//demo_integration.py -cunumeric:preload-cudalibs --launcher jsrun -iters 25 -l 9 --fbmem 14000 --cpus 1 --sysmem 150000 -lg:eager_alloc_percentage 5 -lg:eager_alloc_percentage_override system_mem=50 --utility 2 --launcher-extra="--smpiargs='-disable_gpu_hooks'" --omps 1 --ompthreads 8 --nodes 8 --ranks-per-node 2 --gpus 2 --cpu-bind 0-83/88-171 --mem-bind 0/8 --gpu-bind 0,1,2/3,4,5 --nic-bind mlx5_0,mlx5_1/mlx5_2,mlx5_3 -frac 0.56
Warning: PAMI CUDA HOOK disabled
Warning: PAMI CUDA HOOK disabled
Warning: PAMI CUDA HOOK disabled
Warning: PAMI CUDA HOOK disabled
Warning: PAMI CUDA HOOK disabled
Warning: PAMI CUDA HOOK disabled
Warning: PAMI CUDA HOOK disabled
Warning: PAMI CUDA HOOK disabled
Warning: PAMI CUDA HOOK disabled
Warning: PAMI CUDA HOOK disabled
Warning: PAMI CUDA HOOK disabled
Warning: PAMI CUDA HOOK disabled
Warning: PAMI CUDA HOOK disabled
Warning: PAMI CUDA HOOK disabled
Warning: PAMI CUDA HOOK disabled
Warning: PAMI CUDA HOOK disabled
<jemalloc>: Unsupported system page size
<jemalloc>: Unsupported system page size
<jemalloc>: Unsupported system page size
<jemalloc>: Unsupported system page size
<jemalloc>: Unsupported system page size
<jemalloc>: Unsupported system page size
<jemalloc>: Unsupported system page size
<jemalloc>: Unsupported system page size
<jemalloc>: Unsupported system page size
<jemalloc>: Unsupported system page size
<jemalloc>: Unsupported system page size
<jemalloc>: Unsupported system page size
<jemalloc>: Unsupported system page size
<jemalloc>: Unsupported system page size
<jemalloc>: Unsupported system page size
<jemalloc>: Unsupported system page size
Constructing input.
Beginning solve.
Total time: 288804.515ms.
Iterations / sec: 0.08656374364507423
GPUS = 32:
legate ../rydberg-simulation//demo_integration.py -cunumeric:preload-cudalibs --launcher jsrun -iters 25 -l 9 --fbmem 14000 --cpus 1 --sysmem 150000 -lg:eager_alloc_percentage 5 -lg:eager_alloc_percentage_override system_mem=50 --utility 2 --launcher-extra="--smpiargs='-disable_gpu_hooks'" --omps 1 --ompthreads 8 --nodes 8 --ranks-per-node 2 --gpus 2 --cpu-bind 0-83/88-171 --mem-bind 0/8 --gpu-bind 0,1,2/3,4,5 --nic-bind mlx5_0,mlx5_1/mlx5_2,mlx5_3 -frac 0.56
Warning: PAMI CUDA HOOK disabled
Warning: PAMI CUDA HOOK disabled
Warning: PAMI CUDA HOOK disabled
Warning: PAMI CUDA HOOK disabled
Warning: PAMI CUDA HOOK disabled
Warning: PAMI CUDA HOOK disabled
Warning: PAMI CUDA HOOK disabled
Warning: PAMI CUDA HOOK disabled
Warning: PAMI CUDA HOOK disabled
Warning: PAMI CUDA HOOK disabled
Warning: PAMI CUDA HOOK disabled
Warning: PAMI CUDA HOOK disabled
Warning: PAMI CUDA HOOK disabled
Warning: PAMI CUDA HOOK disabled
Warning: PAMI CUDA HOOK disabled
Warning: PAMI CUDA HOOK disabled
<jemalloc>: Unsupported system page size
<jemalloc>: Unsupported system page size
<jemalloc>: Unsupported system page size
<jemalloc>: Unsupported system page size
<jemalloc>: Unsupported system page size
<jemalloc>: Unsupported system page size
<jemalloc>: Unsupported system page size
<jemalloc>: Unsupported system page size
<jemalloc>: Unsupported system page size
<jemalloc>: Unsupported system page size
<jemalloc>: Unsupported system page size
<jemalloc>: Unsupported system page size
<jemalloc>: Unsupported system page size
<jemalloc>: Unsupported system page size
<jemalloc>: Unsupported system page size
<jemalloc>: Unsupported system page size
Constructing input.
Beginning solve.
Total time: 359936.383ms.
Iterations / sec: 0.06945671841126437